<?xml version="1.0" encoding="UTF-8"?>
<coverage generated="1700983148334" clover="3.2.0">
  <project timestamp="1700983148334" name="All files">
    <metrics statements="70" coveredstatements="51" conditionals="16" coveredconditionals="8" methods="32" coveredmethods="20" elements="118" coveredelements="79" complexity="0" loc="70" ncloc="70" packages="1" files="10" classes="10"/>
    <file name="App.js" path="/home/ashhar/Desktop/DevOps_Assignment_2/ReactNodeTesting/src/App.js">
      <metrics statements="7" coveredstatements="5" conditionals="0" coveredconditionals="0" methods="6" coveredmethods="2"/>
      <line num="8" count="6" type="stmt"/>
      <line num="9" count="6" type="stmt"/>
      <line num="11" count="6" type="stmt"/>
      <line num="12" count="1" type="stmt"/>
      <line num="15" count="6" type="stmt"/>
      <line num="21" count="0" type="stmt"/>
      <line num="23" count="0" type="stmt"/>
    </file>
    <file name="cartItem.js" path="/home/ashhar/Desktop/DevOps_Assignment_2/ReactNodeTesting/src/cartItem.js">
      <metrics statements="3" coveredstatements="3" conditionals="0" coveredconditionals="0" methods="2" coveredmethods="2"/>
      <line num="8" count="3" type="stmt"/>
      <line num="26" count="10" type="stmt"/>
      <line num="28" count="10" type="stmt"/>
    </file>
    <file name="cartview.js" path="/home/ashhar/Desktop/DevOps_Assignment_2/ReactNodeTesting/src/cartview.js">
      <metrics statements="21" coveredstatements="21" conditionals="8" coveredconditionals="8" methods="8" coveredmethods="8"/>
      <line num="8" count="14" type="stmt"/>
      <line num="9" count="14" type="stmt"/>
      <line num="10" count="14" type="stmt"/>
      <line num="13" count="14" type="stmt"/>
      <line num="14" count="6" type="stmt"/>
      <line num="21" count="6" type="stmt"/>
      <line num="23" count="6" type="cond" truecount="4" falsecount="0"/>
      <line num="24" count="1" type="stmt"/>
      <line num="26" count="5" type="stmt"/>
      <line num="29" count="1" type="stmt"/>
      <line num="34" count="14" type="cond" truecount="2" falsecount="0"/>
      <line num="35" count="1" type="stmt"/>
      <line num="36" count="13" type="cond" truecount="2" falsecount="0"/>
      <line num="37" count="6" type="stmt"/>
      <line num="39" count="11" type="stmt"/>
      <line num="40" count="7" type="stmt"/>
      <line num="41" count="7" type="stmt"/>
      <line num="42" count="7" type="stmt"/>
      <line num="43" count="7" type="stmt"/>
      <line num="49" count="11" type="stmt"/>
      <line num="67" count="3" type="stmt"/>
    </file>
    <file name="index.js" path="/home/ashhar/Desktop/DevOps_Assignment_2/ReactNodeTesting/src/index.js">
      <metrics statements="2" coveredstatements="0" conditionals="0" coveredconditionals="0" methods="0" coveredmethods="0"/>
      <line num="7" count="0" type="stmt"/>
      <line num="17" count="0" type="stmt"/>
    </file>
    <file name="msgYNModal.js" path="/home/ashhar/Desktop/DevOps_Assignment_2/ReactNodeTesting/src/msgYNModal.js">
      <metrics statements="9" coveredstatements="5" conditionals="4" coveredconditionals="0" methods="4" coveredmethods="1"/>
      <line num="11" count="6" type="stmt"/>
      <line num="13" count="6" type="stmt"/>
      <line num="14" count="0" type="stmt"/>
      <line num="17" count="6" type="stmt"/>
      <line num="18" count="0" type="stmt"/>
      <line num="21" count="6" type="stmt"/>
      <line num="26" count="0" type="cond" truecount="0" falsecount="4"/>
      <line num="27" count="0" type="stmt"/>
      <line num="50" count="2" type="stmt"/>
    </file>
    <file name="reportWebVitals.js" path="/home/ashhar/Desktop/DevOps_Assignment_2/ReactNodeTesting/src/reportWebVitals.js">
      <metrics statements="8" coveredstatements="0" conditionals="4" coveredconditionals="0" methods="2" coveredmethods="0"/>
      <line num="1" count="0" type="stmt"/>
      <line num="2" count="0" type="cond" truecount="0" falsecount="4"/>
      <line num="3" count="0" type="stmt"/>
      <line num="4" count="0" type="stmt"/>
      <line num="5" count="0" type="stmt"/>
      <line num="6" count="0" type="stmt"/>
      <line num="7" count="0" type="stmt"/>
      <line num="8" count="0" type="stmt"/>
    </file>
    <file name="shippingOptions.js" path="/home/ashhar/Desktop/DevOps_Assignment_2/ReactNodeTesting/src/shippingOptions.js">
      <metrics statements="7" coveredstatements="7" conditionals="0" coveredconditionals="0" methods="3" coveredmethods="3"/>
      <line num="9" count="6" type="stmt"/>
      <line num="11" count="6" type="stmt"/>
      <line num="12" count="1" type="stmt"/>
      <line num="13" count="1" type="stmt"/>
      <line num="16" count="6" type="stmt"/>
      <line num="25" count="1" type="stmt"/>
      <line num="35" count="2" type="stmt"/>
    </file>
    <file name="sum.js" path="/home/ashhar/Desktop/DevOps_Assignment_2/ReactNodeTesting/src/sum.js">
      <metrics statements="4" coveredstatements="4" conditionals="0" coveredconditionals="0" methods="1" coveredmethods="1"/>
      <line num="3" count="26" type="stmt"/>
      <line num="4" count="26" type="stmt"/>
      <line num="5" count="49" type="stmt"/>
      <line num="7" count="26" type="stmt"/>
    </file>
    <file name="todoTitle.js" path="/home/ashhar/Desktop/DevOps_Assignment_2/ReactNodeTesting/src/todoTitle.js">
      <metrics statements="2" coveredstatements="2" conditionals="0" coveredconditionals="0" methods="2" coveredmethods="2"/>
      <line num="4" count="2" type="stmt"/>
      <line num="5" count="2" type="stmt"/>
    </file>
    <file name="zipcodeEntry.js" path="/home/ashhar/Desktop/DevOps_Assignment_2/ReactNodeTesting/src/zipcodeEntry.js">
      <metrics statements="7" coveredstatements="4" conditionals="0" coveredconditionals="0" methods="4" coveredmethods="1"/>
      <line num="6" count="1" type="stmt"/>
      <line num="8" count="1" type="stmt"/>
      <line num="11" count="0" type="stmt"/>
      <line num="14" count="1" type="stmt"/>
      <line num="20" count="0" type="stmt"/>
      <line num="22" count="0" type="stmt"/>
      <line num="30" count="1" type="stmt"/>
    </file>
  </project>
</coverage>
