{"/home/ashhar/Desktop/DevOps_Assignment_2/ReactNodeTesting/src/App.js": {"path":"/home/ashhar/Desktop/DevOps_Assignment_2/ReactNodeTesting/src/App.js","statementMap":{"0":{"start":{"line":8,"column":42},"end":{"line":8,"column":113}},"1":{"start":{"line":9,"column":42},"end":{"line":9,"column":53}},"2":{"start":{"line":11,"column":28},"end":{"line":13,"column":3}},"3":{"start":{"line":12,"column":4},"end":{"line":12,"column":27}},"4":{"start":{"line":15,"column":2},"end":{"line":38,"column":4}},"5":{"start":{"line":21,"column":33},"end":{"line":25,"column":12}},"6":{"start":{"line":23,"column":14},"end":{"line":23,"column":111}}},"fnMap":{"0":{"name":"App","decl":{"start":{"line":7,"column":9},"end":{"line":7,"column":12}},"loc":{"start":{"line":7,"column":20},"end":{"line":39,"column":1}},"line":7},"1":{"name":"(anonymous_1)","decl":{"start":{"line":8,"column":104},"end":{"line":8,"column":105}},"loc":{"start":{"line":8,"column":108},"end":{"line":8,"column":110}},"line":8},"2":{"name":"(anonymous_2)","decl":{"start":{"line":11,"column":28},"end":{"line":11,"column":29}},"loc":{"start":{"line":11,"column":39},"end":{"line":13,"column":3}},"line":11},"3":{"name":"(anonymous_3)","decl":{"start":{"line":21,"column":27},"end":{"line":21,"column":28}},"loc":{"start":{"line":21,"column":33},"end":{"line":25,"column":12}},"line":21},"4":{"name":"(anonymous_4)","decl":{"start":{"line":22,"column":103},"end":{"line":22,"column":104}},"loc":{"start":{"line":22,"column":117},"end":{"line":24,"column":13}},"line":22},"5":{"name":"(anonymous_5)","decl":{"start":{"line":23,"column":100},"end":{"line":23,"column":101}},"loc":{"start":{"line":23,"column":104},"end":{"line":23,"column":106}},"line":23}},"branchMap":{},"s":{"0":6,"1":6,"2":6,"3":1,"4":6,"5":0,"6":0},"f":{"0":6,"1":0,"2":1,"3":0,"4":0,"5":0},"b":{},"_coverageSchema":"1a1c01bbd47fc00a2c39e90264f33305004495a9","hash":"4f88ee1eae340eca38ac0bfd4cf47153b056e552"}
,"/home/ashhar/Desktop/DevOps_Assignment_2/ReactNodeTesting/src/cartItem.js": {"path":"/home/ashhar/Desktop/DevOps_Assignment_2/ReactNodeTesting/src/cartItem.js","statementMap":{"0":{"start":{"line":8,"column":18},"end":{"line":23,"column":3}},"1":{"start":{"line":8,"column":41},"end":{"line":23,"column":1}},"2":{"start":{"line":26,"column":18},"end":{"line":26,"column":29}},"3":{"start":{"line":28,"column":2},"end":{"line":49,"column":4}}},"fnMap":{"0":{"name":"(anonymous_0)","decl":{"start":{"line":8,"column":29},"end":{"line":8,"column":30}},"loc":{"start":{"line":8,"column":41},"end":{"line":23,"column":1}},"line":8},"1":{"name":"CartItem","decl":{"start":{"line":25,"column":24},"end":{"line":25,"column":32}},"loc":{"start":{"line":25,"column":40},"end":{"line":50,"column":1}},"line":25}},"branchMap":{},"s":{"0":2,"1":3,"2":10,"3":10},"f":{"0":3,"1":10},"b":{},"_coverageSchema":"1a1c01bbd47fc00a2c39e90264f33305004495a9","hash":"935b6a0c03d5a84ed2b29461bcb061ef326c4464"}
,"/home/ashhar/Desktop/DevOps_Assignment_2/ReactNodeTesting/src/cartview.js": {"path":"/home/ashhar/Desktop/DevOps_Assignment_2/ReactNodeTesting/src/cartview.js","statementMap":{"0":{"start":{"line":8,"column":26},"end":{"line":8,"column":40}},"1":{"start":{"line":9,"column":28},"end":{"line":9,"column":42}},"2":{"start":{"line":10,"column":24},"end":{"line":10,"column":26}},"3":{"start":{"line":13,"column":2},"end":{"line":32,"column":21}},"4":{"start":{"line":14,"column":4},"end":{"line":30,"column":9}},"5":{"start":{"line":21,"column":17},"end":{"line":21,"column":78}},"6":{"start":{"line":21,"column":40},"end":{"line":21,"column":76}},"7":{"start":{"line":23,"column":8},"end":{"line":25,"column":9}},"8":{"start":{"line":24,"column":10},"end":{"line":24,"column":49}},"9":{"start":{"line":26,"column":8},"end":{"line":26,"column":31}},"10":{"start":{"line":29,"column":8},"end":{"line":29,"column":24}},"11":{"start":{"line":34,"column":2},"end":{"line":64,"column":3}},"12":{"start":{"line":35,"column":4},"end":{"line":35,"column":95}},"13":{"start":{"line":36,"column":9},"end":{"line":64,"column":3}},"14":{"start":{"line":37,"column":4},"end":{"line":37,"column":47}},"15":{"start":{"line":39,"column":18},"end":{"line":39,"column":49}},"16":{"start":{"line":39,"column":42},"end":{"line":39,"column":48}},"17":{"start":{"line":40,"column":22},"end":{"line":40,"column":35}},"18":{"start":{"line":41,"column":16},"end":{"line":41,"column":66}},"19":{"start":{"line":42,"column":18},"end":{"line":42,"column":58}},"20":{"start":{"line":43,"column":4},"end":{"line":63,"column":6}},"21":{"start":{"line":49,"column":14},"end":{"line":51,"column":19}},"22":{"start":{"line":67,"column":0},"end":{"line":70,"column":2}}},"fnMap":{"0":{"name":"CartView","decl":{"start":{"line":7,"column":9},"end":{"line":7,"column":17}},"loc":{"start":{"line":7,"column":25},"end":{"line":65,"column":1}},"line":7},"1":{"name":"(anonymous_1)","decl":{"start":{"line":13,"column":12},"end":{"line":13,"column":13}},"loc":{"start":{"line":13,"column":18},"end":{"line":32,"column":3}},"line":13},"2":{"name":"(anonymous_2)","decl":{"start":{"line":21,"column":12},"end":{"line":21,"column":13}},"loc":{"start":{"line":21,"column":17},"end":{"line":21,"column":78}},"line":21},"3":{"name":"(anonymous_3)","decl":{"start":{"line":21,"column":31},"end":{"line":21,"column":32}},"loc":{"start":{"line":21,"column":40},"end":{"line":21,"column":76}},"line":21},"4":{"name":"(anonymous_4)","decl":{"start":{"line":22,"column":12},"end":{"line":22,"column":13}},"loc":{"start":{"line":22,"column":24},"end":{"line":27,"column":7}},"line":22},"5":{"name":"(anonymous_5)","decl":{"start":{"line":28,"column":13},"end":{"line":28,"column":14}},"loc":{"start":{"line":28,"column":22},"end":{"line":30,"column":7}},"line":28},"6":{"name":"(anonymous_6)","decl":{"start":{"line":39,"column":37},"end":{"line":39,"column":38}},"loc":{"start":{"line":39,"column":42},"end":{"line":39,"column":48}},"line":39},"7":{"name":"(anonymous_7)","decl":{"start":{"line":48,"column":32},"end":{"line":48,"column":33}},"loc":{"start":{"line":49,"column":14},"end":{"line":51,"column":19}},"line":49}},"branchMap":{"0":{"loc":{"start":{"line":23,"column":8},"end":{"line":25,"column":9}},"type":"if","locations":[{"start":{"line":23,"column":8},"end":{"line":25,"column":9}},{"start":{},"end":{}}],"line":23},"1":{"loc":{"start":{"line":23,"column":12},"end":{"line":23,"column":51}},"type":"binary-expr","locations":[{"start":{"line":23,"column":12},"end":{"line":23,"column":24}},{"start":{"line":23,"column":28},"end":{"line":23,"column":51}}],"line":23},"2":{"loc":{"start":{"line":34,"column":2},"end":{"line":64,"column":3}},"type":"if","locations":[{"start":{"line":34,"column":2},"end":{"line":64,"column":3}},{"start":{"line":36,"column":9},"end":{"line":64,"column":3}}],"line":34},"3":{"loc":{"start":{"line":36,"column":9},"end":{"line":64,"column":3}},"type":"if","locations":[{"start":{"line":36,"column":9},"end":{"line":64,"column":3}},{"start":{"line":38,"column":9},"end":{"line":64,"column":3}}],"line":36}},"s":{"0":14,"1":14,"2":14,"3":14,"4":6,"5":6,"6":6,"7":6,"8":1,"9":5,"10":1,"11":14,"12":1,"13":13,"14":6,"15":7,"16":11,"17":7,"18":7,"19":7,"20":7,"21":11,"22":3},"f":{"0":14,"1":6,"2":6,"3":6,"4":6,"5":1,"6":11,"7":11},"b":{"0":[1,5],"1":[6,5],"2":[1,13],"3":[6,7]},"_coverageSchema":"1a1c01bbd47fc00a2c39e90264f33305004495a9","hash":"ccb673da07a209ce6f6c3335f95b46a722e12329"}
,"/home/ashhar/Desktop/DevOps_Assignment_2/ReactNodeTesting/src/index.js": {"path":"/home/ashhar/Desktop/DevOps_Assignment_2/ReactNodeTesting/src/index.js","statementMap":{"0":{"start":{"line":7,"column":0},"end":{"line":12,"column":2}},"1":{"start":{"line":17,"column":0},"end":{"line":17,"column":18}}},"fnMap":{},"branchMap":{},"s":{"0":0,"1":0},"f":{},"b":{}}
,"/home/ashhar/Desktop/DevOps_Assignment_2/ReactNodeTesting/src/msgYNModal.js": {"path":"/home/ashhar/Desktop/DevOps_Assignment_2/ReactNodeTesting/src/msgYNModal.js","statementMap":{"0":{"start":{"line":11,"column":47},"end":{"line":11,"column":52}},"1":{"start":{"line":13,"column":23},"end":{"line":15,"column":3}},"2":{"start":{"line":14,"column":4},"end":{"line":14,"column":19}},"3":{"start":{"line":17,"column":19},"end":{"line":19,"column":3}},"4":{"start":{"line":18,"column":4},"end":{"line":18,"column":18}},"5":{"start":{"line":21,"column":2},"end":{"line":47,"column":4}},"6":{"start":{"line":26,"column":8},"end":{"line":28,"column":9}},"7":{"start":{"line":27,"column":10},"end":{"line":27,"column":32}},"8":{"start":{"line":50,"column":0},"end":{"line":54,"column":2}}},"fnMap":{"0":{"name":"MsgYNModal","decl":{"start":{"line":10,"column":9},"end":{"line":10,"column":19}},"loc":{"start":{"line":10,"column":27},"end":{"line":48,"column":1}},"line":10},"1":{"name":"(anonymous_1)","decl":{"start":{"line":13,"column":23},"end":{"line":13,"column":24}},"loc":{"start":{"line":13,"column":29},"end":{"line":15,"column":3}},"line":13},"2":{"name":"(anonymous_2)","decl":{"start":{"line":17,"column":19},"end":{"line":17,"column":20}},"loc":{"start":{"line":17,"column":25},"end":{"line":19,"column":3}},"line":17},"3":{"name":"(anonymous_3)","decl":{"start":{"line":25,"column":15},"end":{"line":25,"column":16}},"loc":{"start":{"line":25,"column":34},"end":{"line":29,"column":7}},"line":25}},"branchMap":{"0":{"loc":{"start":{"line":26,"column":8},"end":{"line":28,"column":9}},"type":"if","locations":[{"start":{"line":26,"column":8},"end":{"line":28,"column":9}},{"start":{},"end":{}}],"line":26},"1":{"loc":{"start":{"line":26,"column":12},"end":{"line":26,"column":68}},"type":"binary-expr","locations":[{"start":{"line":26,"column":12},"end":{"line":26,"column":38}},{"start":{"line":26,"column":42},"end":{"line":26,"column":68}}],"line":26}},"s":{"0":6,"1":6,"2":0,"3":6,"4":0,"5":6,"6":0,"7":0,"8":2},"f":{"0":6,"1":0,"2":0,"3":0},"b":{"0":[0,0],"1":[0,0]},"_coverageSchema":"1a1c01bbd47fc00a2c39e90264f33305004495a9","hash":"37efcaabf645b1015de08777eb1d490c8e83471c"}
,"/home/ashhar/Desktop/DevOps_Assignment_2/ReactNodeTesting/src/reportWebVitals.js": {"path":"/home/ashhar/Desktop/DevOps_Assignment_2/ReactNodeTesting/src/reportWebVitals.js","statementMap":{"0":{"start":{"line":1,"column":24},"end":{"line":11,"column":1}},"1":{"start":{"line":2,"column":2},"end":{"line":10,"column":3}},"2":{"start":{"line":3,"column":4},"end":{"line":9,"column":7}},"3":{"start":{"line":4,"column":6},"end":{"line":4,"column":26}},"4":{"start":{"line":5,"column":6},"end":{"line":5,"column":26}},"5":{"start":{"line":6,"column":6},"end":{"line":6,"column":26}},"6":{"start":{"line":7,"column":6},"end":{"line":7,"column":26}},"7":{"start":{"line":8,"column":6},"end":{"line":8,"column":27}}},"fnMap":{"0":{"name":"(anonymous_0)","decl":{"start":{"line":1,"column":24},"end":{"line":1,"column":25}},"loc":{"start":{"line":1,"column":39},"end":{"line":11,"column":1}},"line":1},"1":{"name":"(anonymous_1)","decl":{"start":{"line":3,"column":30},"end":{"line":3,"column":31}},"loc":{"start":{"line":3,"column":79},"end":{"line":9,"column":5}},"line":3}},"branchMap":{"0":{"loc":{"start":{"line":2,"column":2},"end":{"line":10,"column":3}},"type":"if","locations":[{"start":{"line":2,"column":2},"end":{"line":10,"column":3}},{"start":{},"end":{}}],"line":2},"1":{"loc":{"start":{"line":2,"column":6},"end":{"line":2,"column":52}},"type":"binary-expr","locations":[{"start":{"line":2,"column":6},"end":{"line":2,"column":17}},{"start":{"line":2,"column":21},"end":{"line":2,"column":52}}],"line":2}},"s":{"0":0,"1":0,"2":0,"3":0,"4":0,"5":0,"6":0,"7":0},"f":{"0":0,"1":0},"b":{"0":[0,0],"1":[0,0]}}
,"/home/ashhar/Desktop/DevOps_Assignment_2/ReactNodeTesting/src/shippingOptions.js": {"path":"/home/ashhar/Desktop/DevOps_Assignment_2/ReactNodeTesting/src/shippingOptions.js","statementMap":{"0":{"start":{"line":9,"column":34},"end":{"line":9,"column":45}},"1":{"start":{"line":11,"column":23},"end":{"line":14,"column":3}},"2":{"start":{"line":12,"column":4},"end":{"line":12,"column":33}},"3":{"start":{"line":13,"column":4},"end":{"line":13,"column":40}},"4":{"start":{"line":16,"column":2},"end":{"line":32,"column":4}},"5":{"start":{"line":25,"column":36},"end":{"line":25,"column":62}},"6":{"start":{"line":35,"column":0},"end":{"line":37,"column":2}}},"fnMap":{"0":{"name":"ShippingOptions","decl":{"start":{"line":8,"column":9},"end":{"line":8,"column":24}},"loc":{"start":{"line":8,"column":32},"end":{"line":33,"column":1}},"line":8},"1":{"name":"(anonymous_1)","decl":{"start":{"line":11,"column":23},"end":{"line":11,"column":24}},"loc":{"start":{"line":11,"column":41},"end":{"line":14,"column":3}},"line":11},"2":{"name":"(anonymous_2)","decl":{"start":{"line":25,"column":18},"end":{"line":25,"column":19}},"loc":{"start":{"line":25,"column":36},"end":{"line":25,"column":62}},"line":25}},"branchMap":{},"s":{"0":6,"1":6,"2":1,"3":1,"4":6,"5":1,"6":2},"f":{"0":6,"1":1,"2":1},"b":{},"_coverageSchema":"1a1c01bbd47fc00a2c39e90264f33305004495a9","hash":"29fb63bfce66fe9c71ac217ae97c0f563aedd212"}
,"/home/ashhar/Desktop/DevOps_Assignment_2/ReactNodeTesting/src/sum.js": {"path":"/home/ashhar/Desktop/DevOps_Assignment_2/ReactNodeTesting/src/sum.js","statementMap":{"0":{"start":{"line":3,"column":10},"end":{"line":3,"column":11}},"1":{"start":{"line":4,"column":2},"end":{"line":6,"column":3}},"2":{"start":{"line":4,"column":13},"end":{"line":4,"column":14}},"3":{"start":{"line":5,"column":6},"end":{"line":5,"column":24}},"4":{"start":{"line":7,"column":2},"end":{"line":7,"column":11}}},"fnMap":{"0":{"name":"sum","decl":{"start":{"line":2,"column":24},"end":{"line":2,"column":27}},"loc":{"start":{"line":2,"column":30},"end":{"line":8,"column":1}},"line":2}},"branchMap":{},"s":{"0":26,"1":26,"2":26,"3":49,"4":26},"f":{"0":26},"b":{},"_coverageSchema":"1a1c01bbd47fc00a2c39e90264f33305004495a9","hash":"37117de931de363d5af0af76ed80270cf1ae6eb0"}
,"/home/ashhar/Desktop/DevOps_Assignment_2/ReactNodeTesting/src/todoTitle.js": {"path":"/home/ashhar/Desktop/DevOps_Assignment_2/ReactNodeTesting/src/todoTitle.js","statementMap":{"0":{"start":{"line":4,"column":18},"end":{"line":5,"column":88}},"1":{"start":{"line":5,"column":5},"end":{"line":5,"column":88}},"2":{"start":{"line":5,"column":79},"end":{"line":5,"column":87}}},"fnMap":{"0":{"name":"(anonymous_0)","decl":{"start":{"line":4,"column":18},"end":{"line":4,"column":19}},"loc":{"start":{"line":5,"column":5},"end":{"line":5,"column":88}},"line":5},"1":{"name":"(anonymous_1)","decl":{"start":{"line":5,"column":72},"end":{"line":5,"column":73}},"loc":{"start":{"line":5,"column":79},"end":{"line":5,"column":87}},"line":5}},"branchMap":{},"s":{"0":2,"1":2,"2":2},"f":{"0":2,"1":2},"b":{},"_coverageSchema":"1a1c01bbd47fc00a2c39e90264f33305004495a9","hash":"d0143698b1cbef0a6ca3b84c3848c81c7d22d568"}
,"/home/ashhar/Desktop/DevOps_Assignment_2/ReactNodeTesting/src/zipcodeEntry.js": {"path":"/home/ashhar/Desktop/DevOps_Assignment_2/ReactNodeTesting/src/zipcodeEntry.js","statementMap":{"0":{"start":{"line":6,"column":32},"end":{"line":6,"column":55}},"1":{"start":{"line":8,"column":22},"end":{"line":12,"column":3}},"2":{"start":{"line":11,"column":4},"end":{"line":11,"column":38}},"3":{"start":{"line":14,"column":2},"end":{"line":27,"column":4}},"4":{"start":{"line":20,"column":23},"end":{"line":20,"column":49}},"5":{"start":{"line":22,"column":29},"end":{"line":22,"column":42}},"6":{"start":{"line":30,"column":0},"end":{"line":32,"column":2}}},"fnMap":{"0":{"name":"ZipcodeEntry","decl":{"start":{"line":5,"column":9},"end":{"line":5,"column":21}},"loc":{"start":{"line":5,"column":29},"end":{"line":28,"column":1}},"line":5},"1":{"name":"(anonymous_1)","decl":{"start":{"line":8,"column":22},"end":{"line":8,"column":23}},"loc":{"start":{"line":8,"column":28},"end":{"line":12,"column":3}},"line":8},"2":{"name":"(anonymous_2)","decl":{"start":{"line":20,"column":18},"end":{"line":20,"column":19}},"loc":{"start":{"line":20,"column":23},"end":{"line":20,"column":49}},"line":20},"3":{"name":"(anonymous_3)","decl":{"start":{"line":22,"column":23},"end":{"line":22,"column":24}},"loc":{"start":{"line":22,"column":29},"end":{"line":22,"column":42}},"line":22}},"branchMap":{},"s":{"0":1,"1":1,"2":0,"3":1,"4":0,"5":0,"6":1},"f":{"0":1,"1":0,"2":0,"3":0},"b":{},"_coverageSchema":"1a1c01bbd47fc00a2c39e90264f33305004495a9","hash":"6f4aaa54e78c4a0878ec540930d9fc401caacc55"}
}
