TN:
SF:src/App.js
FN:7,App
FN:8,(anonymous_1)
FN:11,(anonymous_2)
FN:21,(anonymous_3)
FN:22,(anonymous_4)
FN:23,(anonymous_5)
FNF:6
FNH:2
FNDA:6,App
FNDA:0,(anonymous_1)
FNDA:1,(anonymous_2)
FNDA:0,(anonymous_3)
FNDA:0,(anonymous_4)
FNDA:0,(anonymous_5)
DA:8,6
DA:9,6
DA:11,6
DA:12,1
DA:15,6
DA:21,0
DA:23,0
LF:7
LH:5
BRF:0
BRH:0
end_of_record
TN:
SF:src/cartItem.js
FN:8,(anonymous_0)
FN:25,CartItem
FNF:2
FNH:2
FNDA:3,(anonymous_0)
FNDA:10,CartItem
DA:8,3
DA:26,10
DA:28,10
LF:3
LH:3
BRF:0
BRH:0
end_of_record
TN:
SF:src/cartview.js
FN:7,CartView
FN:13,(anonymous_1)
FN:21,(anonymous_2)
FN:21,(anonymous_3)
FN:22,(anonymous_4)
FN:28,(anonymous_5)
FN:39,(anonymous_6)
FN:48,(anonymous_7)
FNF:8
FNH:8
FNDA:14,CartView
FNDA:6,(anonymous_1)
FNDA:6,(anonymous_2)
FNDA:6,(anonymous_3)
FNDA:6,(anonymous_4)
FNDA:1,(anonymous_5)
FNDA:11,(anonymous_6)
FNDA:11,(anonymous_7)
DA:8,14
DA:9,14
DA:10,14
DA:13,14
DA:14,6
DA:21,6
DA:23,6
DA:24,1
DA:26,5
DA:29,1
DA:34,14
DA:35,1
DA:36,13
DA:37,6
DA:39,11
DA:40,7
DA:41,7
DA:42,7
DA:43,7
DA:49,11
DA:67,3
LF:21
LH:21
BRDA:23,0,0,1
BRDA:23,0,1,5
BRDA:23,1,0,6
BRDA:23,1,1,5
BRDA:34,2,0,1
BRDA:34,2,1,13
BRDA:36,3,0,6
BRDA:36,3,1,7
BRF:8
BRH:8
end_of_record
TN:
SF:src/index.js
FNF:0
FNH:0
DA:7,0
DA:17,0
LF:2
LH:0
BRF:0
BRH:0
end_of_record
TN:
SF:src/msgYNModal.js
FN:10,MsgYNModal
FN:13,(anonymous_1)
FN:17,(anonymous_2)
FN:25,(anonymous_3)
FNF:4
FNH:1
FNDA:6,MsgYNModal
FNDA:0,(anonymous_1)
FNDA:0,(anonymous_2)
FNDA:0,(anonymous_3)
DA:11,6
DA:13,6
DA:14,0
DA:17,6
DA:18,0
DA:21,6
DA:26,0
DA:27,0
DA:50,2
LF:9
LH:5
BRDA:26,0,0,0
BRDA:26,0,1,0
BRDA:26,1,0,0
BRDA:26,1,1,0
BRF:4
BRH:0
end_of_record
TN:
SF:src/reportWebVitals.js
FN:1,(anonymous_0)
FN:3,(anonymous_1)
FNF:2
FNH:0
FNDA:0,(anonymous_0)
FNDA:0,(anonymous_1)
DA:1,0
DA:2,0
DA:3,0
DA:4,0
DA:5,0
DA:6,0
DA:7,0
DA:8,0
LF:8
LH:0
BRDA:2,0,0,0
BRDA:2,0,1,0
BRDA:2,1,0,0
BRDA:2,1,1,0
BRF:4
BRH:0
end_of_record
TN:
SF:src/shippingOptions.js
FN:8,ShippingOptions
FN:11,(anonymous_1)
FN:25,(anonymous_2)
FNF:3
FNH:3
FNDA:6,ShippingOptions
FNDA:1,(anonymous_1)
FNDA:1,(anonymous_2)
DA:9,6
DA:11,6
DA:12,1
DA:13,1
DA:16,6
DA:25,1
DA:35,2
LF:7
LH:7
BRF:0
BRH:0
end_of_record
TN:
SF:src/sum.js
FN:2,sum
FNF:1
FNH:1
FNDA:26,sum
DA:3,26
DA:4,26
DA:5,49
DA:7,26
LF:4
LH:4
BRF:0
BRH:0
end_of_record
TN:
SF:src/todoTitle.js
FN:4,(anonymous_0)
FN:5,(anonymous_1)
FNF:2
FNH:2
FNDA:2,(anonymous_0)
FNDA:2,(anonymous_1)
DA:4,2
DA:5,2
LF:2
LH:2
BRF:0
BRH:0
end_of_record
TN:
SF:src/zipcodeEntry.js
FN:5,ZipcodeEntry
FN:8,(anonymous_1)
FN:20,(anonymous_2)
FN:22,(anonymous_3)
FNF:4
FNH:1
FNDA:1,ZipcodeEntry
FNDA:0,(anonymous_1)
FNDA:0,(anonymous_2)
FNDA:0,(anonymous_3)
DA:6,1
DA:8,1
DA:11,0
DA:14,1
DA:20,0
DA:22,0
DA:30,1
LF:7
LH:4
BRF:0
BRH:0
end_of_record
